<?xml version="1.0" encoding="UTF-8"?>
<!-- Generated by org.testng.reporters.JUnitReportReporter -->
<testsuite hostname="Microsoft" name="shreeAutomation.shreeAutomation.LoginPage" tests="1" failures="0" timestamp="29 Aug 2016 22:55:20 GMT" time="9.662" errors="0">
  <testcase name="verifyLoginPage" time="9.662" classname="shreeAutomation.shreeAutomation.LoginPage"/>
</testsuite> <!-- shreeAutomation.shreeAutomation.LoginPage -->
