<?xml version="1.0" encoding="UTF-8"?>
<!-- Generated by org.testng.reporters.JUnitReportReporter -->
<testsuite hostname="Microsoft" name="shreeAutomation.shreeAutomation.AssignmentHome" tests="1" failures="0" timestamp="1 Sep 2016 16:58:31 GMT" time="4.511" errors="0">
  <testcase name="verifyHomePageTittle" time="4.511" classname="shreeAutomation.shreeAutomation.AssignmentHome"/>
</testsuite> <!-- shreeAutomation.shreeAutomation.AssignmentHome -->
