<?xml version="1.0" encoding="UTF-8"?>
<!-- Generated by org.testng.reporters.JUnitReportReporter -->
<testsuite hostname="Microsoft" name="shreeAutomation.shreeAutomation.Authentication" tests="1" failures="0" timestamp="1 Sep 2016 21:18:26 GMT" time="3.654" errors="0">
  <testcase name="verifyAuthenticateButton" time="3.654" classname="shreeAutomation.shreeAutomation.Authentication"/>
</testsuite> <!-- shreeAutomation.shreeAutomation.Authentication -->
