<?xml version="1.0" encoding="UTF-8"?>
<!-- Generated by org.testng.reporters.JUnitReportReporter -->
<testsuite hostname="Microsoft" name="shreeAutomation.shreeAutomation.CreateAccount" tests="1" failures="0" timestamp="2 Sep 2016 03:16:51 GMT" time="9.284" errors="0">
  <testcase name="testCreateAccount" time="9.284" classname="shreeAutomation.shreeAutomation.CreateAccount"/>
</testsuite> <!-- shreeAutomation.shreeAutomation.CreateAccount -->
