<?xml version="1.0" encoding="UTF-8"?>
<!-- Generated by org.testng.reporters.JUnitReportReporter -->
<testsuite hostname="Microsoft" name="shreeAutomation.shreeAutomation.MakePurchase" tests="1" failures="0" timestamp="2 Sep 2016 03:02:48 GMT" time="13.881" errors="0">
  <testcase name="testMakePurchase" time="13.881" classname="shreeAutomation.shreeAutomation.MakePurchase"/>
</testsuite> <!-- shreeAutomation.shreeAutomation.MakePurchase -->
